minq settings:
#Buses	6
alpha	    0.6000
Busno	         2          4          7          9         10         11 
Vmin	    1.1000     1.1000     1.1000     1.1000     1.1000     1.1000 
Vmax	    1.5000     1.5000     1.5000     1.5000     1.5000     1.5000 
Qmax	    0.5000     0.5000     0.5000     0.5000     0.5000     0.5000 
start of linear programming

L =
  20.26196  -15.76604    0.00000    0.00000   -4.46984    0.00000    0.00000    0.00000    0.00000    0.00000    0.00000    0.00000    0.00000    0.00000 
 -15.90213   31.14345   -4.87798   -5.27626   -5.48196    0.00000    0.00000    0.00000    0.00000    0.00000    0.00000    0.00000    0.00000    0.00000 
   0.00000   -4.93944    9.59255   -5.22776    0.00000    0.00000    0.00000    0.00000    0.00000    0.00000    0.00000    0.00000    0.00000    0.00000 
   0.00000   -5.28442   -5.17070   39.23194  -22.77520    0.00000   -4.67243    0.00000   -1.75530    0.00000    0.00000    0.00000    0.00000    0.00000 
  -4.41230   -5.36508    0.00000  -22.25520   36.30708   -4.23398    0.00000    0.00000    0.00000    0.00000    0.00000    0.00000    0.00000    0.00000 
   0.00000    0.00000    0.00000    0.00000   -3.90320   20.61534    0.00000    0.00000    0.00000    0.00000   -4.37911   -3.50938   -6.62811    0.00000 
   0.00000    0.00000    0.00000   -4.82339    0.00000    0.00000   19.53023   -5.67174   -9.15822    0.00000    0.00000    0.00000    0.00000    0.00000 
   0.00000    0.00000    0.00000    0.00000    0.00000    0.00000   -5.67174    5.67174    0.00000    0.00000    0.00000    0.00000    0.00000    0.00000 
   0.00000    0.00000    0.00000   -1.79687    0.00000    0.00000   -9.08170    0.00000   24.10693  -10.51873    0.00000    0.00000    0.00000   -3.03951 
   0.00000    0.00000    0.00000    0.00000    0.00000    0.00000    0.00000    0.00000  -10.44309   14.92875   -4.70949    0.00000    0.00000    0.00000 
   0.00000    0.00000    0.00000    0.00000    0.00000   -4.68731    0.00000    0.00000    0.00000   -4.46808    9.07105    0.00000    0.00000    0.00000 
   0.00000    0.00000    0.00000    0.00000    0.00000   -3.63616    0.00000    0.00000    0.00000    0.00000    0.00000    5.98116   -2.44584    0.00000 
   0.00000    0.00000    0.00000    0.00000    0.00000   -6.98704    0.00000    0.00000    0.00000    0.00000    0.00000   -2.48839   11.52968   -2.32296 
   0.00000    0.00000    0.00000    0.00000    0.00000    0.00000    0.00000    0.00000   -3.05176    0.00000    0.00000    0.00000   -2.51425    5.31220 

inverse =
  -1.28043   -1.32621   -1.39783   -1.34210   -1.32686   -1.18219   -1.32965   -1.32965   -1.33852   -1.31886   -1.25543   -1.20007   -1.21727   -1.29817 
  -1.33766   -1.33084   -1.40875   -1.35797   -1.34630   -1.19838   -1.34594   -1.34594   -1.35522   -1.33556   -1.27192   -1.21640   -1.23369   -1.31490 
  -1.42766   -1.42650   -1.38479   -1.41669   -1.41489   -1.25628   -1.40571   -1.40571   -1.41622   -1.39635   -1.33143   -1.27489   -1.29262   -1.37557 
  -1.35577   -1.36007   -1.40123   -1.31645   -1.32416   -1.17290   -1.30767   -1.30767   -1.31818   -1.30030   -1.24131   -1.19002   -1.20621   -1.28169 
  -1.30978   -1.31760   -1.36749   -1.29393   -1.26602   -1.13200   -1.27992   -1.27992   -1.28743   -1.26765   -1.20461   -1.14948   -1.16647   -1.24671 
  -1.07580   -1.08120   -1.11934   -1.05658   -1.04356   -0.79142   -1.01086   -1.01086   -0.99895   -0.96873   -0.88501   -0.80993   -0.83063   -0.93480 
  -1.38659   -1.39158   -1.43529   -1.34992   -1.35215   -1.15840   -1.19914   -1.19914   -1.24547   -1.23716   -1.20153   -1.17172   -1.18267   -1.22979 
  -1.38659   -1.39158   -1.43529   -1.34992   -1.35215   -1.15840   -1.19914   -1.02283   -1.24547   -1.23716   -1.20153   -1.17172   -1.18267   -1.22979 
  -1.38419   -1.38946   -1.43393   -1.34940   -1.34871   -1.13519   -1.23506   -1.23506   -1.19043   -1.18727   -1.16443   -1.14633   -1.15438   -1.18593 
  -1.35405   -1.35946   -1.40365   -1.32152   -1.31844   -1.09294   -1.21800   -1.21800   -1.17874   -1.09099   -1.09404   -1.10573   -1.11639   -1.16263 
  -1.22286   -1.22831   -1.26979   -1.19691   -1.18866   -0.94730   -1.12229   -1.12229   -1.09679   -1.03796   -0.88596   -0.96316   -0.97911   -1.05571 
  -1.13153   -1.13711   -1.17696   -1.11073   -1.09796   -0.83919   -1.05942   -1.05942   -1.04519   -1.01548   -0.93234   -0.67266   -0.83518   -0.96325 
  -1.16772   -1.17334   -1.21409   -1.14543   -1.13357   -0.87561   -1.08793   -1.08793   -1.07085   -1.04311   -0.96427   -0.84971   -0.80750   -0.96582 
  -1.34786   -1.35356   -1.39839   -1.31733   -1.31132   -1.06657   -1.22443   -1.22443   -1.19070   -1.17577   -1.12533   -1.06071   -1.04535   -0.95017 

iteration: 1
___________________
bus no.	         2          4          7          9         10         11 
Vac	    1.0163     1.0156     0.9995     1.0037     1.0074     1.0342 
Vmin-V	    0.0837     0.0844     0.1005     0.0963     0.0926     0.0658 
max	    0.1005
Vcorr.	    0.0418     0.0422     0.0502     0.0481     0.0463     0.0329 
kvar c.	    0.0000     0.0000     0.0000     0.0000     0.0000     0.0000 
tot. c.	    0.0000
lin. c.	    0.0000     0.0000     0.0000     0.0000     0.0000     0.0000 

iteration done after 2 times
