minq settings:
#Buses	6
alpha	    0.6000
Busno	         2          4          7          9         10         11 
Vmin	    1.1000     1.1000     1.1000     1.1000     1.1000     1.1000 
Vmax	    1.5000     1.5000     1.5000     1.5000     1.5000     1.5000 
Qmax	    0.5000     0.5000     0.5000     0.5000     0.5000     0.5000 
start of linear programming

L =
  20.26196  -15.76604    0.00000    0.00000   -4.46984    0.00000    0.00000    0.00000    0.00000    0.00000    0.00000    0.00000    0.00000    0.00000 
 -15.90213   31.14345   -4.87798   -5.27626   -5.48196    0.00000    0.00000    0.00000    0.00000    0.00000    0.00000    0.00000    0.00000    0.00000 
   0.00000   -4.93944    9.59255   -5.22776    0.00000    0.00000    0.00000    0.00000    0.00000    0.00000    0.00000    0.00000    0.00000    0.00000 
   0.00000   -5.28442   -5.17070   39.23194  -22.77520    0.00000   -4.67243    0.00000   -1.75530    0.00000    0.00000    0.00000    0.00000    0.00000 
  -4.41230   -5.36508    0.00000  -22.25520   36.30708   -4.23398    0.00000    0.00000    0.00000    0.00000    0.00000    0.00000    0.00000    0.00000 
   0.00000    0.00000    0.00000    0.00000   -3.90320   20.61534    0.00000    0.00000    0.00000    0.00000   -4.37911   -3.50938   -6.62811    0.00000 
   0.00000    0.00000    0.00000   -4.82339    0.00000    0.00000   19.53023   -5.67174   -9.15822    0.00000    0.00000    0.00000    0.00000    0.00000 
   0.00000    0.00000    0.00000    0.00000    0.00000    0.00000   -5.67174    5.67174    0.00000    0.00000    0.00000    0.00000    0.00000    0.00000 
   0.00000    0.00000    0.00000   -1.79687    0.00000    0.00000   -9.08170    0.00000   24.10693  -10.51873    0.00000    0.00000    0.00000   -3.03951 
   0.00000    0.00000    0.00000    0.00000    0.00000    0.00000    0.00000    0.00000  -10.44309   14.92875   -4.70949    0.00000    0.00000    0.00000 
   0.00000    0.00000    0.00000    0.00000    0.00000   -4.68731    0.00000    0.00000    0.00000   -4.46808    9.07105    0.00000    0.00000    0.00000 
   0.00000    0.00000    0.00000    0.00000    0.00000   -3.63616    0.00000    0.00000    0.00000    0.00000    0.00000    5.98116   -2.44584    0.00000 
   0.00000    0.00000    0.00000    0.00000    0.00000   -6.98704    0.00000    0.00000    0.00000    0.00000    0.00000   -2.48839   11.52968   -2.32296 
   0.00000    0.00000    0.00000    0.00000    0.00000    0.00000    0.00000    0.00000   -3.05176    0.00000    0.00000    0.00000   -2.51425    5.31220 

inverse =
  -1.28043   -1.32621   -1.39783   -1.34210   -1.32686   -1.18219   -1.32965   -1.32965   -1.33852   -1.31886   -1.25543   -1.20007   -1.21727   -1.29817 
  -1.33766   -1.33084   -1.40875   -1.35797   -1.34630   -1.19838   -1.34594   -1.34594   -1.35522   -1.33556   -1.27192   -1.21640   -1.23369   -1.31490 
  -1.42766   -1.42650   -1.38479   -1.41669   -1.41489   -1.25628   -1.40571   -1.40571   -1.41622   -1.39635   -1.33143   -1.27489   -1.29262   -1.37557 
  -1.35577   -1.36007   -1.40123   -1.31645   -1.32416   -1.17290   -1.30767   -1.30767   -1.31818   -1.30030   -1.24131   -1.19002   -1.20621   -1.28169 
  -1.30978   -1.31760   -1.36749   -1.29393   -1.26602   -1.13200   -1.27992   -1.27992   -1.28743   -1.26765   -1.20461   -1.14948   -1.16647   -1.24671 
  -1.07580   -1.08120   -1.11934   -1.05658   -1.04356   -0.79142   -1.01086   -1.01086   -0.99895   -0.96873   -0.88501   -0.80993   -0.83063   -0.93480 
  -1.38659   -1.39158   -1.43529   -1.34992   -1.35215   -1.15840   -1.19914   -1.19914   -1.24547   -1.23716   -1.20153   -1.17172   -1.18267   -1.22979 
  -1.38659   -1.39158   -1.43529   -1.34992   -1.35215   -1.15840   -1.19914   -1.02283   -1.24547   -1.23716   -1.20153   -1.17172   -1.18267   -1.22979 
  -1.38419   -1.38946   -1.43393   -1.34940   -1.34871   -1.13519   -1.23506   -1.23506   -1.19043   -1.18727   -1.16443   -1.14633   -1.15438   -1.18593 
  -1.35405   -1.35946   -1.40365   -1.32152   -1.31844   -1.09294   -1.21800   -1.21800   -1.17874   -1.09099   -1.09404   -1.10573   -1.11639   -1.16263 
  -1.22286   -1.22831   -1.26979   -1.19691   -1.18866   -0.94730   -1.12229   -1.12229   -1.09679   -1.03796   -0.88596   -0.96316   -0.97911   -1.05571 
  -1.13153   -1.13711   -1.17696   -1.11073   -1.09796   -0.83919   -1.05942   -1.05942   -1.04519   -1.01548   -0.93234   -0.67266   -0.83518   -0.96325 
  -1.16772   -1.17334   -1.21409   -1.14543   -1.13357   -0.87561   -1.08793   -1.08793   -1.07085   -1.04311   -0.96427   -0.84971   -0.80750   -0.96582 
  -1.34786   -1.35356   -1.39839   -1.31733   -1.31132   -1.06657   -1.22443   -1.22443   -1.19070   -1.17577   -1.12533   -1.06071   -1.04535   -0.95017 

iteration: 1
___________________
bus no.	         2          4          7          9         10         11 
Vac	    1.0163     1.0156     0.9995     1.0037     1.0074     1.0342 
Vmin-V	    0.0837     0.0844     0.1005     0.0963     0.0926     0.0658 
max	    0.1005
Vcorr.	    0.0837     0.0844     0.1005     0.0963     0.0926     0.0658 
kvar c.	    0.0722     0.0000     0.0000     0.0000     0.0000     0.0000 
tot. c.	    0.0722
lin. c.	   -0.0961    -0.0982    -0.1005    -0.1003    -0.0981    -0.0887 

iteration: 2
___________________
bus no.	         2          4          7          9         10         11 
Vac	    1.0228     1.0192     1.0022     1.0060     1.0093     1.0352 
Vmin-V	    0.0772     0.0808     0.0978     0.0940     0.0907     0.0648 
max	    0.0978
Vcorr.	    0.1608     0.1653     0.1982     0.1902     0.1834     0.1306 
kvar c.	    0.1424     0.0000     0.0000     0.0000     0.0000     0.0000 
tot. c.	    0.1424
lin. c.	   -0.1896    -0.1937    -0.1982    -0.1979    -0.1937    -0.1750 

iteration: 3
___________________
bus no.	         2          4          7          9         10         11 
Vac	    1.0369     1.0300     1.0135     1.0140     1.0160     1.0382 
Vmin-V	    0.0631     0.0700     0.0865     0.0860     0.0840     0.0618 
max	    0.0865
Vcorr.	    0.2239     0.2353     0.2847     0.2763     0.2674     0.1924 
kvar c.	    0.2046     0.0000     0.0000     0.0000     0.0000     0.0000 
tot. c.	    0.2046
lin. c.	   -0.2723    -0.2783    -0.2847    -0.2843    -0.2782    -0.2513 

iteration: 4
___________________
bus no.	         2          4          7          9         10         11 
Vac	    1.0425     1.0331     1.0159     1.0160     1.0176     1.0390 
Vmin-V	    0.0575     0.0669     0.0841     0.0840     0.0824     0.0610 
max	    0.0841
Vcorr.	    0.2813     0.3022     0.3689     0.3603     0.3498     0.2534 
kvar c.	    0.2651     0.0000     0.0000     0.0000     0.0000     0.0000 
tot. c.	    0.2651
lin. c.	   -0.3528    -0.3605    -0.3689    -0.3683    -0.3603    -0.3256 

iteration: 5
___________________
bus no.	         2          4          7          9         10         11 
Vac	    1.0479     1.0362     1.0182     1.0179     1.0193     1.0398 
Vmin-V	    0.0521     0.0638     0.0818     0.0821     0.0807     0.0602 
max	    0.0821
Vcorr.	    0.3334     0.3660     0.4507     0.4424     0.4305     0.3136 
kvar c.	    0.3238     0.0000     0.0000     0.0000     0.0000     0.0000 
tot. c.	    0.3238
lin. c.	   -0.4310    -0.4405    -0.4507    -0.4500    -0.4403    -0.3978 

iteration: 6
___________________
bus no.	         2          4          7          9         10         11 
Vac	    1.0531     1.0392     1.0205     1.0198     1.0208     1.0406 
Vmin-V	    0.0469     0.0608     0.0795     0.0802     0.0792     0.0594 
max	    0.0802
Vcorr.	    0.3803     0.4267     0.5302     0.5226     0.5097     0.3729 
kvar c.	    0.3810     0.0000     0.0000     0.0000     0.0000     0.0000 
tot. c.	    0.3810
lin. c.	   -0.5071    -0.5182    -0.5302    -0.5294    -0.5180    -0.4680 

iteration: 7
___________________
bus no.	         2          4          7          9         10         11 
Vac	    1.0582     1.0421     1.0226     1.0216     1.0224     1.0414 
Vmin-V	    0.0418     0.0579     0.0774     0.0784     0.0776     0.0586 
max	    0.0784
Vcorr.	    0.4221     0.4846     0.6076     0.6009     0.5873     0.4316 
kvar c.	    0.4366     0.0000     0.0000     0.0000     0.0000     0.0000 
tot. c.	    0.4366
lin. c.	   -0.5810    -0.5938    -0.6076    -0.6066    -0.5935    -0.5363 

iteration: 8
___________________
bus no.	         2          4          7          9         10         11 
Vac	    1.0544     1.0366     1.0153     1.0170     1.0184     1.0399 
Vmin-V	    0.0456     0.0634     0.0847     0.0830     0.0816     0.0601 
max	    0.0847
Vcorr.	    0.4678     0.5480     0.6923     0.6839     0.6689     0.4917 
kvar c.	    0.4975     0.0000     0.0000     0.0000     0.0000     0.0000 
tot. c.	    0.4975
lin. c.	   -0.6620    -0.6766    -0.6923    -0.6912    -0.6763    -0.6110 

iteration: 9
___________________
bus no.	         2          4          7          9         10         11 
Vac	    1.0594     1.0394     1.0174     1.0188     1.0199     1.0406 
Vmin-V	    0.0406     0.0606     0.0826     0.0812     0.0801     0.0594 
max	    0.0826
Vcorr.	    0.5083     0.6086     0.7749     0.7651     0.7490     0.5511 
kvar c.	    0.5000     0.0586     0.0000     0.0000     0.0000     0.0000 
tot. c.	    0.5586
lin. c.	   -0.7450    -0.7571    -0.7749    -0.7738    -0.7571    -0.6843 

iteration: 10
___________________
bus no.	         2          4          7          9         10         11 
Vac	    1.0623     1.0436     1.0205     1.0215     1.0221     1.0417 
Vmin-V	    0.0377     0.0564     0.0795     0.0785     0.0779     0.0583 
max	    0.0795
Vcorr.	    0.5460     0.6650     0.8543     0.8436     0.8269     0.6094 
kvar c.	    0.5000     0.1174     0.0000     0.0000     0.0000     0.0000 
tot. c.	    0.6174
lin. c.	   -0.8249    -0.8346    -0.8543    -0.8532    -0.8349    -0.7547 

iteration: 11
___________________
bus no.	         2          4          7          9         10         11 
Vac	    1.0650     1.0477     1.0236     1.0240     1.0242     1.0428 
Vmin-V	    0.0350     0.0523     0.0764     0.0760     0.0758     0.0572 
max	    0.0764
Vcorr.	    0.5810     0.7173     0.9307     0.9196     0.9027     0.6666 
kvar c.	    0.5000     0.1740     0.0000     0.0000     0.0000     0.0000 
tot. c.	    0.6740
lin. c.	   -0.9018    -0.9091    -0.9307    -0.9296    -0.9097    -0.8225 

iteration: 12
___________________
bus no.	         2          4          7          9         10         11 
Vac	    1.0676     1.0516     1.0265     1.0264     1.0262     1.0438 
Vmin-V	    0.0324     0.0484     0.0735     0.0736     0.0738     0.0562 
max	    0.0738
Vcorr.	    0.6134     0.7657     1.0042     0.9932     0.9765     0.7228 
kvar c.	    0.5000     0.2285     0.0000     0.0000     0.0000     0.0000 
tot. c.	    0.7285
lin. c.	   -0.9757    -0.9808    -1.0042    -1.0030    -0.9817    -0.8876 

iteration: 13
___________________
bus no.	         2          4          7          9         10         11 
Vac	    1.0700     1.0553     1.0293     1.0288     1.0281     1.0448 
Vmin-V	    0.0300     0.0447     0.0707     0.0712     0.0719     0.0552 
max	    0.0719
Vcorr.	    0.6434     0.8104     1.0750     1.0644     1.0483     0.7780 
kvar c.	    0.5000     0.2809     0.0000     0.0000     0.0000     0.0000 
tot. c.	    0.7809
lin. c.	   -1.0468    -1.0498    -1.0750    -1.0738    -1.0509    -0.9503 

iteration: 14
___________________
bus no.	         2          4          7          9         10         11 
Vac	    1.0723     1.0589     1.0319     1.0310     1.0300     1.0457 
Vmin-V	    0.0277     0.0411     0.0681     0.0690     0.0700     0.0543 
max	    0.0700
Vcorr.	    0.6711     0.8515     1.1430     1.1334     1.1183     0.8323 
kvar c.	    0.5000     0.3319     0.0000     0.0000     0.0000     0.0000 
tot. c.	    0.8319
lin. c.	   -1.1161    -1.1170    -1.1438    -1.1426    -1.1183    -1.0114 

iteration: 15
___________________
bus no.	         2          4          7          9         10         11 
Vac	    1.0746     1.0623     1.0345     1.0331     1.0318     1.0466 
Vmin-V	    0.0254     0.0377     0.0655     0.0669     0.0682     0.0534 
max	    0.0682
Vcorr.	    0.6965     0.8892     1.2086     1.2003     1.1866     0.8856 
kvar c.	    0.5000     0.3835     0.0000     0.0000     0.0000     0.0000 
tot. c.	    0.8835
lin. c.	   -1.1862    -1.1849    -1.2135    -1.2123    -1.1866    -1.0732 

iteration: 16
___________________
bus no.	         2          4          7          9         10         11 
Vac	    1.0768     1.0658     1.0371     1.0353     1.0335     1.0475 
Vmin-V	    0.0232     0.0342     0.0629     0.0647     0.0665     0.0525 
max	    0.0665
Vcorr.	    0.7197     0.9234     1.2715     1.2650     1.2530     0.9381 
kvar c.	    0.5000     0.4338     0.0000     0.0000     0.0000     0.0000 
tot. c.	    0.9338
lin. c.	   -1.2545    -1.2511    -1.2814    -1.2801    -1.2530    -1.1334 

iteration: 17
___________________
bus no.	         2          4          7          9         10         11 
Vac	    1.0790     1.0691     1.0395     1.0374     1.0353     1.0484 
Vmin-V	    0.0210     0.0309     0.0605     0.0626     0.0647     0.0516 
max	    0.0647
Vcorr.	    0.7407     0.9543     1.3320     1.3276     1.3177     0.9897 
kvar c.	    0.5000     0.4828     0.0000     0.0000     0.0000     0.0000 
tot. c.	    0.9828
lin. c.	   -1.3210    -1.3156    -1.3475    -1.3462    -1.3177    -1.1920 

iteration: 18
___________________
bus no.	         2          4          7          9         10         11 
Vac	    1.0811     1.0724     1.0420     1.0394     1.0370     1.0493 
Vmin-V	    0.0189     0.0276     0.0580     0.0606     0.0630     0.0507 
max	    0.0630
Vcorr.	    0.7595     0.9820     1.3900     1.3882     1.3808     1.0404 
kvar c.	    0.5000     0.5000     0.0331     0.0000     0.0000     0.0000 
tot. c.	    1.0331
lin. c.	   -1.3889    -1.3815    -1.4104    -1.4103    -1.3808    -1.2497 

iteration: 19
___________________
bus no.	         2          4          7          9         10         11 
Vac	    1.0830     1.0752     1.0481     1.0438     1.0406     1.0511 
Vmin-V	    0.0170     0.0248     0.0519     0.0562     0.0594     0.0489 
max	    0.0594
Vcorr.	    0.7766     1.0068     1.4419     1.4443     1.4402     1.0893 
kvar c.	    0.5000     0.5000     0.0818     0.0000     0.0000     0.0000 
tot. c.	    1.0818
lin. c.	   -1.4546    -1.4453    -1.4689    -1.4705    -1.4402    -1.3045 

iteration: 20
___________________
bus no.	         2          4          7          9         10         11 
Vac	    1.0845     1.0776     1.0558     1.0493     1.0451     1.0534 
Vmin-V	    0.0155     0.0224     0.0442     0.0507     0.0549     0.0466 
max	    0.0549
Vcorr.	    0.7920     1.0292     1.4861     1.4951     1.4951     1.1359 
kvar c.	    0.5000     0.5000     0.1269     0.0000     0.0000     0.0000 
tot. c.	    1.1269
lin. c.	   -1.5152    -1.5042    -1.5229    -1.5262    -1.4951    -1.3550 

iteration: 21
___________________
bus no.	         2          4          7          9         10         11 
Vac	    1.0860     1.0798     1.0628     1.0542     1.0492     1.0555 
Vmin-V	    0.0140     0.0202     0.0372     0.0458     0.0508     0.0445 
max	    0.0508
Vcorr.	    0.8060     1.0495     1.5233     1.5409     1.5459     1.1804 
kvar c.	    0.5000     0.5000     0.1686     0.0000     0.0000     0.0000 
tot. c.	    1.1686
lin. c.	   -1.5714    -1.5588    -1.5729    -1.5777    -1.5459    -1.4018 

iteration: 22
___________________
bus no.	         2          4          7          9         10         11 
Vac	    1.0873     1.0818     1.0692     1.0587     1.0529     1.0574 
Vmin-V	    0.0127     0.0182     0.0308     0.0413     0.0471     0.0426 
max	    0.0471
Vcorr.	    0.8187     1.0677     1.5541     1.5822     1.5929     1.2231 
kvar c.	    0.5000     0.5000     0.1686     0.0000     0.0000     0.0000 
tot. c.	    1.1686
lin. c.	   -1.5714    -1.5588    -1.5729    -1.5777    -1.5459    -1.4018 

iteration done after 23 times
